<?xml version="1.0" encoding="UTF-8" ?>
<testsuite tests="13" failures="0" name="ClienteTestsPhantomjs" time="283.147" errors="0" skipped="0">
  <properties>
[...]
</properties>
  <testcase classname="ClienteTestsPhantomjs" name="test_04" time="20.612"/>
  <testcase classname="ClienteTestsPhantomjs" name="test_05" time="23.193"/>
  <testcase classname="ClienteTestsPhantomjs" name="test_06" time="22.431"/>
  <testcase classname="ClienteTestsPhantomjs" name="test_07" time="22.193"/>
  <testcase classname="ClienteTestsPhantomjs" name="test_08" time="23.044"/>
  <testcase classname="ClienteTestsPhantomjs" name="test_09" time="22.266"/>
  <testcase classname="ClienteTestsPhantomjs" name="test_10" time="23.1"/>
  <testcase classname="ClienteTestsPhantomjs" name="test_12" time="21.825"/>
  <testcase classname="ClienteTestsPhantomjs" name="test_13" time="21.37"/>
  <testcase classname="ClienteTestsPhantomjs" name="test_14" time="20.524"/>
  <testcase classname="ClienteTestsPhantomjs" name="test_15" time="20.954"/>
  <testcase classname="ClienteTestsPhantomjs" name="test_16" time="20.598"/>
  <testcase classname="ClienteTestsPhantomjs" name="test_17" time="21.037"/>
</testsuite>