<?xml version="1.0" encoding="UTF-8" ?>
<testsuite tests="1" failures="1" name="TestsPhantomjs" time="10.682" errors="0" skipped="0">
  <properties>
[...]
</properties>
  <testcase classname="TestsPhantomjs" name="test_03" time="10.682">
    <failure type="java.lang.AssertionError">java.lang.AssertionError
	at org.junit.Assert.fail(Assert.java:86)
	at org.junit.Assert.assertTrue(Assert.java:41)
	at org.junit.Assert.assertTrue(Assert.java:52)
	at TestsPhantomjs.test_03(TestsPhantomjs.java:55)
	at java.base/jdk.internal.reflect.NativeMethodAccessorImpl.invoke0(Native Method)
	at java.base/jdk.internal.reflect.NativeMethodAccessorImpl.invoke(NativeMethodAccessorImpl.java:62)
	at java.base/jdk.internal.reflect.DelegatingMethodAccessorImpl.invoke(DelegatingMethodAccessorImpl.java:43)
	at java.base/java.lang.reflect.Method.invoke(Method.java:567)
	at org.junit.runners.model.FrameworkMethod$1.runReflectiveCall(FrameworkMethod.java:50)
	at org.junit.internal.runners.model.ReflectiveCallable.run(ReflectiveCallable.java:12)
	at org.junit.runners.model.FrameworkMethod.invokeExplosively(FrameworkMethod.java:47)
	at org.junit.internal.runners.statements.InvokeMethod.evaluate(InvokeMethod.java:17)
	at org.junit.internal.runners.statements.RunBefores.evaluate(RunBefores.java:26)
	at org.junit.internal.runners.statements.RunAfters.evaluate(RunAfters.java:27)
	at org.junit.runners.ParentRunner.runLeaf(ParentRunner.java:325)
	at org.junit.runners.BlockJUnit4ClassRunner.runChild(BlockJUnit4ClassRunner.java:78)
	at org.junit.runners.BlockJUnit4ClassRunner.runChild(BlockJUnit4ClassRunner.java:57)
	at org.junit.runners.ParentRunner$3.run(ParentRunner.java:290)
	at org.junit.runners.ParentRunner$1.schedule(ParentRunner.java:71)
	at org.junit.runners.ParentRunner.runChildren(ParentRunner.java:288)
	at org.junit.runners.ParentRunner.access$000(ParentRunner.java:58)
	at org.junit.runners.ParentRunner$2.evaluate(ParentRunner.java:268)
	at org.junit.runners.ParentRunner.run(ParentRunner.java:363)
	at org.apache.maven.surefire.junit4.JUnit4Provider.execute(JUnit4Provider.java:242)
	at org.apache.maven.surefire.junit4.JUnit4Provider.executeTestSet(JUnit4Provider.java:137)
	at org.apache.maven.surefire.junit4.JUnit4Provider.invoke(JUnit4Provider.java:112)
	at java.base/jdk.internal.reflect.NativeMethodAccessorImpl.invoke0(Native Method)
	at java.base/jdk.internal.reflect.NativeMethodAccessorImpl.invoke(NativeMethodAccessorImpl.java:62)
	at java.base/jdk.internal.reflect.DelegatingMethodAccessorImpl.invoke(DelegatingMethodAccessorImpl.java:43)
	at java.base/java.lang.reflect.Method.invoke(Method.java:567)
	at org.apache.maven.surefire.util.ReflectionUtils.invokeMethodWithArray(ReflectionUtils.java:189)
	at org.apache.maven.surefire.booter.ProviderFactory$ProviderProxy.invoke(ProviderFactory.java:165)
	at org.apache.maven.surefire.booter.ProviderFactory.invokeProvider(ProviderFactory.java:85)
	at org.apache.maven.surefire.booter.ForkedBooter.runSuitesInProcess(ForkedBooter.java:115)
	at org.apache.maven.surefire.booter.ForkedBooter.main(ForkedBooter.java:75)
</failure>
    <system-err>jun. 26, 2020 11:08:00 P. M. org.openqa.selenium.phantomjs.PhantomJSDriverService &lt;init&gt;
INFORMACIÓN: executable: D:\Karoline\PROYECTOCALIDAD\ProyectoCalidad\driver\phantomjs.exe
jun. 26, 2020 11:08:00 P. M. org.openqa.selenium.phantomjs.PhantomJSDriverService &lt;init&gt;
INFORMACIÓN: port: 26023
jun. 26, 2020 11:08:00 P. M. org.openqa.selenium.phantomjs.PhantomJSDriverService &lt;init&gt;
INFORMACIÓN: arguments: [--webdriver=26023, --webdriver-logfile=D:\Karoline\PROYECTOCALIDAD\ProyectoCalidad\phantomjsdriver.log]
jun. 26, 2020 11:08:00 P. M. org.openqa.selenium.phantomjs.PhantomJSDriverService &lt;init&gt;
INFORMACIÓN: environment: {}
[INFO  - 2020-06-27T04:08:02.371Z] GhostDriver - Main - running on port 26023
[INFO  - 2020-06-27T04:08:03.107Z] Session [cbd43cd0-b82b-11ea-ba13-bbe04b4524b3] - page.settings - {&quot;XSSAuditingEnabled&quot;:false,&quot;javascriptCanCloseWindows&quot;:true,&quot;javascriptCanOpenWindows&quot;:true,&quot;javascriptEnabled&quot;:true,&quot;loadImages&quot;:true,&quot;localToRemoteUrlAccessEnabled&quot;:false,&quot;userAgent&quot;:&quot;Mozilla/5.0 (Windows NT 6.2; WOW64) AppleWebKit/538.1 (KHTML, like Gecko) PhantomJS/2.1.1 Safari/538.1&quot;,&quot;webSecurityEnabled&quot;:true}
[INFO  - 2020-06-27T04:08:03.107Z] Session [cbd43cd0-b82b-11ea-ba13-bbe04b4524b3] - page.customHeaders:  - {}
[INFO  - 2020-06-27T04:08:03.107Z] Session [cbd43cd0-b82b-11ea-ba13-bbe04b4524b3] - Session.negotiatedCapabilities - {&quot;browserName&quot;:&quot;phantomjs&quot;,&quot;version&quot;:&quot;2.1.1&quot;,&quot;driverName&quot;:&quot;ghostdriver&quot;,&quot;driverVersion&quot;:&quot;1.2.0&quot;,&quot;platform&quot;:&quot;windows-10-32bit&quot;,&quot;javascriptEnabled&quot;:true,&quot;takesScreenshot&quot;:true,&quot;handlesAlerts&quot;:false,&quot;databaseEnabled&quot;:false,&quot;locationContextEnabled&quot;:false,&quot;applicationCacheEnabled&quot;:false,&quot;browserConnectionEnabled&quot;:false,&quot;cssSelectorsEnabled&quot;:true,&quot;webStorageEnabled&quot;:false,&quot;rotatable&quot;:false,&quot;acceptSslCerts&quot;:false,&quot;nativeEvents&quot;:true,&quot;proxy&quot;:{&quot;proxyType&quot;:&quot;direct&quot;}}
[INFO  - 2020-06-27T04:08:03.107Z] SessionManagerReqHand - _postNewSessionCommand - New Session Created: cbd43cd0-b82b-11ea-ba13-bbe04b4524b3
[INFO  - 2020-06-27T04:08:09.997Z] ShutdownReqHand - _handle - About to shutdown
</system-err>
  </testcase>
</testsuite>